<?xml version="1.0" encoding="UTF-8"?>
<!-- Generated by org.testng.reporters.JUnitXMLReporter -->
<testsuite ignored="0" hostname="Z14-55M" failures="3" tests="15" name="Surefire test" time="27.948" errors="0" timestamp="2026-04-28T09:37:52 IST">
  <testcase classname="io.cucumber.testng.AbstractTestNGCucumberTests" name="runScenario" time="3.883"/>
  <testcase classname="io.cucumber.testng.AbstractTestNGCucumberTests" name="runScenario" time="0.587"/>
  <testcase classname="io.cucumber.testng.AbstractTestNGCucumberTests" name="runScenario" time="0.555"/>
  <testcase classname="io.cucumber.testng.AbstractTestNGCucumberTests" name="runScenario" time="3.57"/>
  <testcase classname="io.cucumber.testng.AbstractTestNGCucumberTests" name="runScenario" time="0.549"/>
  <testcase classname="io.cucumber.testng.AbstractTestNGCucumberTests" name="runScenario" time="3.121"/>
  <testcase classname="io.cucumber.testng.AbstractTestNGCucumberTests" name="runScenario" time="1.107">
    <failure type="java.lang.AssertionError" message="The following asserts failed:
	Schema file not found: schemas/Todo.json – create it at src/test/resources/schemas/Todo.json">
      <![CDATA[java.lang.AssertionError: The following asserts failed:
Schema file not found: schemas/Todo.json – create it at src/test/resources/schemas/Todo.json
at hooks.Hooks.afterScenario(Hooks.java:27)
... Removed 2 stack frames]]>
    </failure>
  </testcase> <!-- runScenario -->
  <testcase classname="io.cucumber.testng.AbstractTestNGCucumberTests" name="runScenario" time="1.049"/>
  <testcase classname="io.cucumber.testng.AbstractTestNGCucumberTests" name="runScenario" time="1.445">
    <failure type="java.lang.AssertionError" message="The following asserts failed:
	Schema file not found: schemas/TodoList.json – create it at src/test/resources/schemas/TodoList.json">
      <![CDATA[java.lang.AssertionError: The following asserts failed:
Schema file not found: schemas/TodoList.json – create it at src/test/resources/schemas/TodoList.json
at hooks.Hooks.afterScenario(Hooks.java:27)
... Removed 2 stack frames]]>
    </failure>
  </testcase> <!-- runScenario -->
  <testcase classname="io.cucumber.testng.AbstractTestNGCucumberTests" name="runScenario" time="3.607"/>
  <testcase classname="io.cucumber.testng.AbstractTestNGCucumberTests" name="runScenario" time="2.639"/>
  <testcase classname="io.cucumber.testng.AbstractTestNGCucumberTests" name="runScenario" time="1.008"/>
  <testcase classname="io.cucumber.testng.AbstractTestNGCucumberTests" name="runScenario" time="1.565"/>
  <testcase classname="io.cucumber.testng.AbstractTestNGCucumberTests" name="runScenario" time="0.776"/>
  <testcase classname="io.cucumber.testng.AbstractTestNGCucumberTests" name="runScenario" time="0.837">
    <failure type="java.lang.AssertionError" message="The following asserts failed:
	Expected status 401 but got 200. Body: [{&amp;quot;id&amp;quot;:102990,&amp;quot;user_id&amp;quot;:8451161,&amp;quot;title&amp;quot;:&amp;quot;Nemo tero paulatim caute amiculum ab viduata victoria.&amp;quot;,&amp;quot;due_on&amp;quot;:&amp;quot;2026-05-12T00:00:00.000+05:30&amp;quot;,&amp;quot;status&amp;quot;:&amp;quot;pending&amp;quot;},{&amp;quot;id&amp;quot;:102989,&amp;quot;user_id&amp;quot;:8451160,&amp;quot;title&amp;quot;:&amp;quot;Calco inventore sed venia debitis condico aestus arbustum strues.&amp;quot;,&amp;quot;due_on&amp;quot;:&amp;quot;2026-05-06T00:00:00.000+0,
	Status line [HTTP/1.1 200 OK] does not contain: Unauthorized,
	Expected 401 or 403 for auth failure but got 200">
      <![CDATA[java.lang.AssertionError: The following asserts failed:
Expected status 401 but got 200. Body: [{"id":102990,"user_id":8451161,"title":"Nemo tero paulatim caute amiculum ab viduata victoria.","due_on":"2026-05-12T00:00:00.000+05:30","status":"pending"},{"id":102989,"user_id":8451160,"title":"Calco inventore sed venia debitis condico aestus arbustum strues.","due_on":"2026-05-06T00:00:00.000+0,
Status line [HTTP/1.1 200 OK] does not contain: Unauthorized,
Expected 401 or 403 for auth failure but got 200
at hooks.Hooks.afterScenario(Hooks.java:27)
... Removed 2 stack frames]]>
    </failure>
  </testcase> <!-- runScenario -->
</testsuite> <!-- Surefire test -->
