<?xml version="1.0" encoding="UTF-8"?>
<testsuite xmlns:xsi="http://www.w3.org/2001/XMLSchema-instance" xsi:noNamespaceSchemaLocation="https://maven.apache.org/surefire/maven-surefire-plugin/xsd/surefire-test-report.xsd" version="3.0.2" name="TestSuite" time="28.657" tests="15" errors="0" skipped="0" failures="3">
  <properties>
[...]
</properties>
  <testcase name="runScenario[&quot;TC-001 - Create Todo with Valid Payload&quot;, &quot;Todos Module Testing&quot;](1)" classname="runner.TestRunner" time="3.885">
    <system-out><![CDATA[
Scenario Outline: TC-001 - Create Todo with Valid Payload                     # src/test/resources/features/Todos_feature.feature:19
----- Test Started -----
  ✔ Given the GoRest Todos API is accessible with a valid bearer token        # stepDefinitions.TodosSteps.setup()
Request method:	POST
Request URI:	https://gorest.co.in/public/v2/users/8448441/todos
Proxy:			<none>
Request params:	<none>
Query params:	<none>
Form params:	<none>
Path params:	userId=8448441
Headers:		Accept=application/json
				Authorization=Bearer f2eab2d47fcbaea74a0748fed9ad92f7603b02a16130f36a2210c09ff5200593
				Content-Type=application/json
Cookies:		<none>
Multiparts:		<none>
Body:
{
    "user_id": 8448441,
    "title": "Learn API",
    "status": "pending"
}
  ✔ When I send POST request to create a todo "Learn API" "pending" "8448441" # stepDefinitions.TodosSteps.createTodoOutline(java.lang.String,java.lang.String,java.lang.String)
  ✔ Then Response status code should be 201                                   # stepDefinitions.TodosSteps.verifyStatusCode(int)
  ✔ And Response status line contains "201 Created"                           # stepDefinitions.TodosSteps.verifyStatusLine(java.lang.String)
  ✔ And Response time less than 3000 ms                                       # stepDefinitions.TodosSteps.verifyResponseTime(int)
  ✔ And Response body contains field "title" with value "Learn API"           # stepDefinitions.TodosSteps.verifyFieldValue(java.lang.String,java.lang.String)
  ✔ And Response body contains field "status" with value "pending"            # stepDefinitions.TodosSteps.verifyFieldValue(java.lang.String,java.lang.String)
  ✔ And Response body contains generated todo "id"                            # stepDefinitions.TodosSteps.verifyGeneratedField(java.lang.String)
----- Test Finished -----
]]></system-out>
    <system-err><![CDATA[SLF4J: Failed to load class "org.slf4j.impl.StaticLoggerBinder".
SLF4J: Defaulting to no-operation (NOP) logger implementation
SLF4J: See http://www.slf4j.org/codes.html#StaticLoggerBinder for further details.
]]></system-err>
  </testcase>
  <testcase name="runScenario[&quot;TC-001 - Create Todo with Valid Payload&quot;, &quot;Todos Module Testing&quot;](2)" classname="runner.TestRunner" time="0.578">
    <system-out><![CDATA[
Scenario Outline: TC-001 - Create Todo with Valid Payload                         # src/test/resources/features/Todos_feature.feature:20
----- Test Started -----
  ✔ Given the GoRest Todos API is accessible with a valid bearer token            # stepDefinitions.TodosSteps.setup()
Request method:	POST
Request URI:	https://gorest.co.in/public/v2/users/8448441/todos
Proxy:			<none>
Request params:	<none>
Query params:	<none>
Form params:	<none>
Path params:	userId=8448441
Headers:		Accept=application/json
				Authorization=Bearer f2eab2d47fcbaea74a0748fed9ad92f7603b02a16130f36a2210c09ff5200593
				Content-Type=application/json
Cookies:		<none>
Multiparts:		<none>
Body:
{
    "user_id": 8448441,
    "title": "Write Tests",
    "status": "completed"
}
  ✔ When I send POST request to create a todo "Write Tests" "completed" "8448441" # stepDefinitions.TodosSteps.createTodoOutline(java.lang.String,java.lang.String,java.lang.String)
  ✔ Then Response status code should be 201                                       # stepDefinitions.TodosSteps.verifyStatusCode(int)
  ✔ And Response status line contains "201 Created"                               # stepDefinitions.TodosSteps.verifyStatusLine(java.lang.String)
  ✔ And Response time less than 3000 ms                                           # stepDefinitions.TodosSteps.verifyResponseTime(int)
  ✔ And Response body contains field "title" with value "Write Tests"             # stepDefinitions.TodosSteps.verifyFieldValue(java.lang.String,java.lang.String)
  ✔ And Response body contains field "status" with value "completed"              # stepDefinitions.TodosSteps.verifyFieldValue(java.lang.String,java.lang.String)
  ✔ And Response body contains generated todo "id"                                # stepDefinitions.TodosSteps.verifyGeneratedField(java.lang.String)
----- Test Finished -----
]]></system-out>
  </testcase>
  <testcase name="runScenario[&quot;TC-001 - Create Todo with Valid Payload&quot;, &quot;Todos Module Testing&quot;](3)" classname="runner.TestRunner" time="0.559">
    <system-out><![CDATA[
Scenario Outline: TC-001 - Create Todo with Valid Payload                           # src/test/resources/features/Todos_feature.feature:21
----- Test Started -----
  ✔ Given the GoRest Todos API is accessible with a valid bearer token              # stepDefinitions.TodosSteps.setup()
Request method:	POST
Request URI:	https://gorest.co.in/public/v2/users/8448441/todos
Proxy:			<none>
Request params:	<none>
Query params:	<none>
Form params:	<none>
Path params:	userId=8448441
Headers:		Accept=application/json
				Authorization=Bearer f2eab2d47fcbaea74a0748fed9ad92f7603b02a16130f36a2210c09ff5200593
				Content-Type=application/json
Cookies:		<none>
Multiparts:		<none>
Body:
{
    "user_id": 8448441,
    "title": "Automation Task",
    "status": "pending"
}
  ✔ When I send POST request to create a todo "Automation Task" "pending" "8448441" # stepDefinitions.TodosSteps.createTodoOutline(java.lang.String,java.lang.String,java.lang.String)
  ✔ Then Response status code should be 201                                         # stepDefinitions.TodosSteps.verifyStatusCode(int)
  ✔ And Response status line contains "201 Created"                                 # stepDefinitions.TodosSteps.verifyStatusLine(java.lang.String)
  ✔ And Response time less than 3000 ms                                             # stepDefinitions.TodosSteps.verifyResponseTime(int)
  ✔ And Response body contains field "title" with value "Automation Task"           # stepDefinitions.TodosSteps.verifyFieldValue(java.lang.String,java.lang.String)
  ✔ And Response body contains field "status" with value "pending"                  # stepDefinitions.TodosSteps.verifyFieldValue(java.lang.String,java.lang.String)
  ✔ And Response body contains generated todo "id"                                  # stepDefinitions.TodosSteps.verifyGeneratedField(java.lang.String)
----- Test Finished -----
]]></system-out>
  </testcase>
  <testcase name="runScenario[&quot;TC-002 - Create Todo using Excel Data&quot;, &quot;Todos Module Testing&quot;](4)" classname="runner.TestRunner" time="3.561">
    <system-out><![CDATA[
Scenario: TC-002 - Create Todo using Excel Data                        # src/test/resources/features/Todos_feature.feature:23
----- Test Started -----
  ✔ Given the GoRest Todos API is accessible with a valid bearer token # stepDefinitions.TodosSteps.setup()
Request method:	POST
Request URI:	https://gorest.co.in/public/v2/users/8448441/todos
Proxy:			<none>
Request params:	<none>
Query params:	<none>
Form params:	<none>
Path params:	userId=8448441
Headers:		Accept=application/json
				Authorization=Bearer f2eab2d47fcbaea74a0748fed9ad92f7603b02a16130f36a2210c09ff5200593
				Content-Type=application/json
Cookies:		<none>
Multiparts:		<none>
Body:
{
    "user_id": 8448441,
    "title": "Learn API",
    "status": "pending"
}
  ✔ When I send POST request to create a todo with data from excel     # stepDefinitions.TodosSteps.createTodoExcel()
  ✔ Then Response status code should be 201                            # stepDefinitions.TodosSteps.verifyStatusCode(int)
  ✔ And Response status line contains "201 Created"                    # stepDefinitions.TodosSteps.verifyStatusLine(java.lang.String)
  ✔ And Response time less than 3000 ms                                # stepDefinitions.TodosSteps.verifyResponseTime(int)
  ✔ And Response body contains field "title" with value from excel     # stepDefinitions.TodosSteps.verifyFieldValueFromExcel(java.lang.String)
----- Test Finished -----
]]></system-out>
    <system-err><![CDATA[ERROR StatusLogger Log4j2 could not find a logging implementation. Please add log4j-core to the classpath. Using SimpleLogger to log to the console...
]]></system-err>
  </testcase>
  <testcase name="runScenario[&quot;TC-003 - Create Todo using DataTable&quot;, &quot;Todos Module Testing&quot;](5)" classname="runner.TestRunner" time="0.552">
    <system-out><![CDATA[
Scenario: TC-003 - Create Todo using DataTable                            # src/test/resources/features/Todos_feature.feature:30
----- Test Started -----
  ✔ Given the GoRest Todos API is accessible with a valid bearer token    # stepDefinitions.TodosSteps.setup()
Request method:	POST
Request URI:	https://gorest.co.in/public/v2/users/8448441/todos
Proxy:			<none>
Request params:	<none>
Query params:	<none>
Form params:	<none>
Path params:	userId=8448441
Headers:		Accept=application/json
				Authorization=Bearer f2eab2d47fcbaea74a0748fed9ad92f7603b02a16130f36a2210c09ff5200593
				Content-Type=application/json
Cookies:		<none>
Multiparts:		<none>
Body:
{
    "user_id": 8448441,
    "title": "DataTableTodo",
    "status": "completed"
}
  ✔ When I send POST request to create a todo with the following details: # stepDefinitions.TodosSteps.createTodoDataTable(io.cucumber.datatable.DataTable)
      | title         | status    | userId  |
      | DataTableTodo | completed | 8448441 |
  ✔ Then Response status code should be 201                               # stepDefinitions.TodosSteps.verifyStatusCode(int)
  ✔ And Response status line contains "201 Created"                       # stepDefinitions.TodosSteps.verifyStatusLine(java.lang.String)
  ✔ And Response time less than 3000 ms                                   # stepDefinitions.TodosSteps.verifyResponseTime(int)
  ✔ And Response body contains field "title" with value "DataTableTodo"   # stepDefinitions.TodosSteps.verifyFieldValue(java.lang.String,java.lang.String)
----- Test Finished -----
]]></system-out>
  </testcase>
  <testcase name="runScenario[&quot;TC-004 - Create Todo with Invalid User ID&quot;, &quot;Todos Module Testing&quot;](6)" classname="runner.TestRunner" time="3.123">
    <system-out><![CDATA[
Scenario: TC-004 - Create Todo with Invalid User ID                       # src/test/resources/features/Todos_feature.feature:39
----- Test Started -----
  ✔ Given the GoRest Todos API is accessible with a valid bearer token    # stepDefinitions.TodosSteps.setup()
Request method:	POST
Request URI:	https://gorest.co.in/public/v2/users/99999/todos
Proxy:			<none>
Request params:	<none>
Query params:	<none>
Form params:	<none>
Path params:	userId=99999
Headers:		Accept=application/json
				Authorization=Bearer f2eab2d47fcbaea74a0748fed9ad92f7603b02a16130f36a2210c09ff5200593
				Content-Type=application/json
Cookies:		<none>
Multiparts:		<none>
Body:
{
    "user_id": 99999,
    "title": "Invalid",
    "status": "pending"
}
  ✔ When I send POST request to create a todo with invalid userId "99999" # stepDefinitions.TodosSteps.createTodoInvalidUser(java.lang.String)
  ✔ Then Response status code should be 422                               # stepDefinitions.TodosSteps.verifyStatusCode(int)
  ✔ And Response status line contains "Unprocessable Entity"              # stepDefinitions.TodosSteps.verifyStatusLine(java.lang.String)
  ✔ And Response time less than 3000 ms                                   # stepDefinitions.TodosSteps.verifyResponseTime(int)
  ✔ And Response body contains an appropriate error message               # stepDefinitions.TodosSteps.verifyErrorMessage()
----- Test Finished -----
]]></system-out>
  </testcase>
  <testcase name="runScenario[&quot;TC-005 - Get Todo by Valid ID&quot;, &quot;Todos Module Testing&quot;](7)" classname="runner.TestRunner" time="1.114">
    <failure message="The following asserts failed:&#10;	Schema file not found: schemas/Todo.json – create it at src/test/resources/schemas/Todo.json" type="java.lang.AssertionError"><![CDATA[java.lang.AssertionError: 
The following asserts failed:
	Schema file not found: schemas/Todo.json – create it at src/test/resources/schemas/Todo.json
	at org.testng.asserts.SoftAssert.assertAll(SoftAssert.java:46)
	at org.testng.asserts.SoftAssert.assertAll(SoftAssert.java:30)
	at hooks.Hooks.afterScenario(Hooks.java:27)
]]></failure>
    <system-out><![CDATA[
Scenario: TC-005 - Get Todo by Valid ID                                # src/test/resources/features/Todos_feature.feature:47
----- Test Started -----
  ✔ Given the GoRest Todos API is accessible with a valid bearer token # stepDefinitions.TodosSteps.setup()
Request method:	GET
Request URI:	https://gorest.co.in/public/v2/todos/103013
Proxy:			<none>
Request params:	<none>
Query params:	<none>
Form params:	<none>
Path params:	todoId=103013
Headers:		Accept=application/json
				Authorization=Bearer f2eab2d47fcbaea74a0748fed9ad92f7603b02a16130f36a2210c09ff5200593
				Content-Type=application/json
Cookies:		<none>
Multiparts:		<none>
Body:			<none>
  ✔ When I send GET todo request with id "102871"                      # stepDefinitions.TodosSteps.getTodoById(java.lang.String)
  ✔ Then Response status code should be 200                            # stepDefinitions.TodosSteps.verifyStatusCode(int)
  ✔ And Response status line contains "200 OK"                         # stepDefinitions.TodosSteps.verifyStatusLine(java.lang.String)
  ✔ And Response time less than 3000 ms                                # stepDefinitions.TodosSteps.verifyResponseTime(int)
  ✔ And Validate "Todo" schema                                         # stepDefinitions.TodosSteps.validateSchema(java.lang.String)
  ✔ And Response body contains field "id" with value "102871"          # stepDefinitions.TodosSteps.verifyFieldValue(java.lang.String,java.lang.String)
  ✔ And Response body contains field "status" with value "pending"     # stepDefinitions.TodosSteps.verifyFieldValue(java.lang.String,java.lang.String)
----- Test Finished -----
        java.lang.AssertionError: The following asserts failed:
        	Schema file not found: schemas/Todo.json – create it at src/test/resources/schemas/Todo.json
        	at org.testng.asserts.SoftAssert.assertAll(SoftAssert.java:46)
        	at org.testng.asserts.SoftAssert.assertAll(SoftAssert.java:30)
        	at hooks.Hooks.afterScenario(Hooks.java:27)
]]></system-out>
  </testcase>
  <testcase name="runScenario[&quot;TC-006 - Get Todo by Invalid ID&quot;, &quot;Todos Module Testing&quot;](8)" classname="runner.TestRunner" time="1.072">
    <system-out><![CDATA[
Scenario: TC-006 - Get Todo by Invalid ID                              # src/test/resources/features/Todos_feature.feature:56
----- Test Started -----
  ✔ Given the GoRest Todos API is accessible with a valid bearer token # stepDefinitions.TodosSteps.setup()
Request method:	GET
Request URI:	https://gorest.co.in/public/v2/todos/99999
Proxy:			<none>
Request params:	<none>
Query params:	<none>
Form params:	<none>
Path params:	todoId=99999
Headers:		Accept=application/json
				Authorization=Bearer f2eab2d47fcbaea74a0748fed9ad92f7603b02a16130f36a2210c09ff5200593
				Content-Type=application/json
Cookies:		<none>
Multiparts:		<none>
Body:			<none>
  ✔ When I send GET todo request with id "99999"                       # stepDefinitions.TodosSteps.getTodoById(java.lang.String)
  ✔ Then Response status code should be 404                            # stepDefinitions.TodosSteps.verifyStatusCode(int)
  ✔ And Response status line contains "Not Found"                      # stepDefinitions.TodosSteps.verifyStatusLine(java.lang.String)
  ✔ And Response time less than 3000 ms                                # stepDefinitions.TodosSteps.verifyResponseTime(int)
  ✔ And Response body contains an appropriate error message            # stepDefinitions.TodosSteps.verifyErrorMessage()
----- Test Finished -----
]]></system-out>
  </testcase>
  <testcase name="runScenario[&quot;TC-007 - Get All Todos&quot;, &quot;Todos Module Testing&quot;](9)" classname="runner.TestRunner" time="1.441">
    <failure message="The following asserts failed:&#10;	Schema file not found: schemas/TodoList.json – create it at src/test/resources/schemas/TodoList.json" type="java.lang.AssertionError"><![CDATA[java.lang.AssertionError: 
The following asserts failed:
	Schema file not found: schemas/TodoList.json – create it at src/test/resources/schemas/TodoList.json
	at org.testng.asserts.SoftAssert.assertAll(SoftAssert.java:46)
	at org.testng.asserts.SoftAssert.assertAll(SoftAssert.java:30)
	at hooks.Hooks.afterScenario(Hooks.java:27)
]]></failure>
    <system-out><![CDATA[
Scenario: TC-007 - Get All Todos                                       # src/test/resources/features/Todos_feature.feature:63
----- Test Started -----
  ✔ Given the GoRest Todos API is accessible with a valid bearer token # stepDefinitions.TodosSteps.setup()
Request method:	GET
Request URI:	https://gorest.co.in/public/v2/todos
Proxy:			<none>
Request params:	<none>
Query params:	<none>
Form params:	<none>
Path params:	<none>
Headers:		Accept=application/json
				Authorization=Bearer f2eab2d47fcbaea74a0748fed9ad92f7603b02a16130f36a2210c09ff5200593
				Content-Type=application/json
Cookies:		<none>
Multiparts:		<none>
Body:			<none>
  ✔ When I send GET request to fetch all todos                         # stepDefinitions.TodosSteps.getAllTodos()
  ✔ Then Response status code should be 200                            # stepDefinitions.TodosSteps.verifyStatusCode(int)
  ✔ And Response status line contains "200 OK"                         # stepDefinitions.TodosSteps.verifyStatusLine(java.lang.String)
  ✔ And Response time less than 3000 ms                                # stepDefinitions.TodosSteps.verifyResponseTime(int)
  ✔ And Response body should be a JSON array                           # stepDefinitions.TodosSteps.verifyJsonArray()
  ✔ And Validate "TodoList" schema                                     # stepDefinitions.TodosSteps.validateSchema(java.lang.String)
----- Test Finished -----
        java.lang.AssertionError: The following asserts failed:
        	Schema file not found: schemas/TodoList.json – create it at src/test/resources/schemas/TodoList.json
        	at org.testng.asserts.SoftAssert.assertAll(SoftAssert.java:46)
        	at org.testng.asserts.SoftAssert.assertAll(SoftAssert.java:30)
        	at hooks.Hooks.afterScenario(Hooks.java:27)
]]></system-out>
  </testcase>
  <testcase name="runScenario[&quot;TC-008 - Update Todo using Excel Data&quot;, &quot;Todos Module Testing&quot;](10)" classname="runner.TestRunner" time="3.591">
    <system-out><![CDATA[
Scenario: TC-008 - Update Todo using Excel Data                          # src/test/resources/features/Todos_feature.feature:72
----- Test Started -----
  ✔ Given the GoRest Todos API is accessible with a valid bearer token   # stepDefinitions.TodosSteps.setup()
Request method:	PUT
Request URI:	https://gorest.co.in/public/v2/todos/103013
Proxy:			<none>
Request params:	<none>
Query params:	<none>
Form params:	<none>
Path params:	todoId=103013
Headers:		Accept=application/json
				Authorization=Bearer f2eab2d47fcbaea74a0748fed9ad92f7603b02a16130f36a2210c09ff5200593
				Content-Type=application/json
Cookies:		<none>
Multiparts:		<none>
Body:
{
    "user_id": 8448441,
    "title": "Updated Todo",
    "status": "completed"
}
  ✔ When I send PUT request to update todo "102871" with data from excel # stepDefinitions.TodosSteps.updateTodoExcel(java.lang.String)
  ✔ Then Response status code should be 200                              # stepDefinitions.TodosSteps.verifyStatusCode(int)
  ✔ And Response status line contains "200 OK"                           # stepDefinitions.TodosSteps.verifyStatusLine(java.lang.String)
  ✔ And Response time less than 3000 ms                                  # stepDefinitions.TodosSteps.verifyResponseTime(int)
  ✔ And Response body contains field "title" with value from excel       # stepDefinitions.TodosSteps.verifyFieldValueFromExcel(java.lang.String)
----- Test Finished -----
]]></system-out>
  </testcase>
  <testcase name="runScenario[&quot;TC-009 - Update Todo using DataTable&quot;, &quot;Todos Module Testing&quot;](11)" classname="runner.TestRunner" time="2.631">
    <system-out><![CDATA[
Scenario: TC-009 - Update Todo using DataTable                                  # src/test/resources/features/Todos_feature.feature:79
----- Test Started -----
  ✔ Given the GoRest Todos API is accessible with a valid bearer token          # stepDefinitions.TodosSteps.setup()
Request method:	PUT
Request URI:	https://gorest.co.in/public/v2/todos/103013
Proxy:			<none>
Request params:	<none>
Query params:	<none>
Form params:	<none>
Path params:	todoId=103013
Headers:		Accept=application/json
				Authorization=Bearer f2eab2d47fcbaea74a0748fed9ad92f7603b02a16130f36a2210c09ff5200593
				Content-Type=application/json
Cookies:		<none>
Multiparts:		<none>
Body:
{
    "user_id": 8448441,
    "title": "Updated Todo",
    "status": "completed"
}
  ✔ When I send PUT request to update todo "102871" with the following details: # stepDefinitions.TodosSteps.updateTodoDataTable(java.lang.String,io.cucumber.datatable.DataTable)
      | title        | status    | userId  |
      | Updated Todo | completed | 8448441 |
  ✔ Then Response status code should be 200                                     # stepDefinitions.TodosSteps.verifyStatusCode(int)
  ✔ And Response status line contains "200 OK"                                  # stepDefinitions.TodosSteps.verifyStatusLine(java.lang.String)
  ✔ And Response time less than 3000 ms                                         # stepDefinitions.TodosSteps.verifyResponseTime(int)
  ✔ And Response body contains field "title" with value "Updated Todo"          # stepDefinitions.TodosSteps.verifyFieldValue(java.lang.String,java.lang.String)
----- Test Finished -----
]]></system-out>
  </testcase>
  <testcase name="runScenario[&quot;TC-010 - Update Todo with Invalid ID&quot;, &quot;Todos Module Testing&quot;](12)" classname="runner.TestRunner" time="1.031">
    <system-out><![CDATA[
Scenario: TC-010 - Update Todo with Invalid ID                         # src/test/resources/features/Todos_feature.feature:88
----- Test Started -----
  ✔ Given the GoRest Todos API is accessible with a valid bearer token # stepDefinitions.TodosSteps.setup()
Request method:	PUT
Request URI:	https://gorest.co.in/public/v2/todos/99999
Proxy:			<none>
Request params:	<none>
Query params:	<none>
Form params:	<none>
Path params:	todoId=99999
Headers:		Accept=application/json
				Authorization=Bearer f2eab2d47fcbaea74a0748fed9ad92f7603b02a16130f36a2210c09ff5200593
				Content-Type=application/json
Cookies:		<none>
Multiparts:		<none>
Body:
{
    "user_id": 8448441,
    "title": "Test",
    "status": "pending"
}
  ✔ When I send PUT request to update todo "99999"                     # stepDefinitions.TodosSteps.updateTodoInvalidId(java.lang.String)
  ✔ Then Response status code should be 404                            # stepDefinitions.TodosSteps.verifyStatusCode(int)
  ✔ And Response status line contains "Not Found"                      # stepDefinitions.TodosSteps.verifyStatusLine(java.lang.String)
  ✔ And Response time less than 3000 ms                                # stepDefinitions.TodosSteps.verifyResponseTime(int)
  ✔ And Response body contains an appropriate error message            # stepDefinitions.TodosSteps.verifyErrorMessage()
----- Test Finished -----
]]></system-out>
  </testcase>
  <testcase name="runScenario[&quot;TC-011 - Delete Todo&quot;, &quot;Todos Module Testing&quot;](13)" classname="runner.TestRunner" time="1.585">
    <system-out><![CDATA[
Scenario: TC-011 - Delete Todo                                         # src/test/resources/features/Todos_feature.feature:96
----- Test Started -----
  ✔ Given the GoRest Todos API is accessible with a valid bearer token # stepDefinitions.TodosSteps.setup()
Request method:	DELETE
Request URI:	https://gorest.co.in/public/v2/todos/103013
Proxy:			<none>
Request params:	<none>
Query params:	<none>
Form params:	<none>
Path params:	todoId=103013
Headers:		Accept=application/json
				Authorization=Bearer f2eab2d47fcbaea74a0748fed9ad92f7603b02a16130f36a2210c09ff5200593
				Content-Type=application/json
Cookies:		<none>
Multiparts:		<none>
Body:			<none>
  ✔ When I send DELETE request for todo "102871"                       # stepDefinitions.TodosSteps.deleteTodo(java.lang.String)
  ✔ Then Response status code should be 204                            # stepDefinitions.TodosSteps.verifyStatusCode(int)
  ✔ And Response time less than 3000 ms                                # stepDefinitions.TodosSteps.verifyResponseTime(int)
----- Test Finished -----
]]></system-out>
  </testcase>
  <testcase name="runScenario[&quot;TC-012 - POST Todo with Invalid Token&quot;, &quot;Todos Module Testing&quot;](14)" classname="runner.TestRunner" time="0.729">
    <system-out><![CDATA[
Scenario: TC-012 - POST Todo with Invalid Token                         # src/test/resources/features/Todos_feature.feature:102
----- Test Started -----
  ✔ Given the GoRest Todos API is accessible with a valid bearer token  # stepDefinitions.TodosSteps.setup()
  ✔ When I send POST request to create a todo with invalid token        # stepDefinitions.TodosSteps.createTodoInvalidToken()
  ✔ Then Response status code should be 401                             # stepDefinitions.TodosSteps.verifyStatusCode(int)
  ✔ And Response status line contains "Unauthorized"                    # stepDefinitions.TodosSteps.verifyStatusLine(java.lang.String)
  ✔ And Response time less than 3000 ms                                 # stepDefinitions.TodosSteps.verifyResponseTime(int)
  ✔ And Response body indicates authentication or authorization failure # stepDefinitions.TodosSteps.verifyAuthFailure()
----- Test Finished -----
]]></system-out>
  </testcase>
  <testcase name="runScenario[&quot;TC-013 - GET /todos with No Auth returns 401&quot;, &quot;Todos Module Testing&quot;](15)" classname="runner.TestRunner" time="0.875">
    <failure message="The following asserts failed:&#10;	Expected status 401 but got 200. Body: [{&quot;id&quot;:102990,&quot;user_id&quot;:8451161,&quot;title&quot;:&quot;Nemo tero paulatim caute amiculum ab viduata victoria.&quot;,&quot;due_on&quot;:&quot;2026-05-12T00:00:00.000+05:30&quot;,&quot;status&quot;:&quot;pending&quot;},{&quot;id&quot;:102989,&quot;user_id&quot;:8451160,&quot;title&quot;:&quot;Calco inventore sed venia debitis condico aestus arbustum strues.&quot;,&quot;due_on&quot;:&quot;2026-05-06T00:00:00.000+0,&#10;	Status line [HTTP/1.1 200 OK] does not contain: Unauthorized,&#10;	Expected 401 or 403 for auth failure but got 200" type="java.lang.AssertionError"><![CDATA[java.lang.AssertionError: 
The following asserts failed:
	Expected status 401 but got 200. Body: [{"id":102990,"user_id":8451161,"title":"Nemo tero paulatim caute amiculum ab viduata victoria.","due_on":"2026-05-12T00:00:00.000+05:30","status":"pending"},{"id":102989,"user_id":8451160,"title":"Calco inventore sed venia debitis condico aestus arbustum strues.","due_on":"2026-05-06T00:00:00.000+0,
	Status line [HTTP/1.1 200 OK] does not contain: Unauthorized,
	Expected 401 or 403 for auth failure but got 200
	at org.testng.asserts.SoftAssert.assertAll(SoftAssert.java:46)
	at org.testng.asserts.SoftAssert.assertAll(SoftAssert.java:30)
	at hooks.Hooks.afterScenario(Hooks.java:27)
]]></failure>
    <system-out><![CDATA[
Scenario: TC-013 - GET /todos with No Auth returns 401                  # src/test/resources/features/Todos_feature.feature:109
----- Test Started -----
  ✔ Given the GoRest Todos API is accessible with a valid bearer token  # stepDefinitions.TodosSteps.setup()
  ✔ When I send GET request to fetch all todos with no auth             # stepDefinitions.TodosSteps.getAllTodosWithNoAuth()
  ✔ Then Response status code should be 401                             # stepDefinitions.TodosSteps.verifyStatusCode(int)
  ✔ And Response status line contains "Unauthorized"                    # stepDefinitions.TodosSteps.verifyStatusLine(java.lang.String)
  ✔ And Response time less than 3000 ms                                 # stepDefinitions.TodosSteps.verifyResponseTime(int)
  ✔ And Response body indicates authentication or authorization failure # stepDefinitions.TodosSteps.verifyAuthFailure()
----- Test Finished -----
        java.lang.AssertionError: The following asserts failed:
        	Expected status 401 but got 200. Body: [{"id":102990,"user_id":8451161,"title":"Nemo tero paulatim caute amiculum ab viduata victoria.","due_on":"2026-05-12T00:00:00.000+05:30","status":"pending"},{"id":102989,"user_id":8451160,"title":"Calco inventore sed venia debitis condico aestus arbustum strues.","due_on":"2026-05-06T00:00:00.000+0,
        	Status line [HTTP/1.1 200 OK] does not contain: Unauthorized,
        	Expected 401 or 403 for auth failure but got 200
        	at org.testng.asserts.SoftAssert.assertAll(SoftAssert.java:46)
        	at org.testng.asserts.SoftAssert.assertAll(SoftAssert.java:30)
        	at hooks.Hooks.afterScenario(Hooks.java:27)
]]></system-out>
  </testcase>
</testsuite>