<?xml version="1.0" encoding="UTF-8"?>
<testng-results ignored="0" total="15" passed="12" failed="3" skipped="0">
  <reporter-output>
  </reporter-output>
  <suite started-at="2026-04-28T09:37:24 IST" name="Surefire suite" finished-at="2026-04-28T09:37:52 IST" duration-ms="27948">
    <groups>
      <group name="cucumber">
        <method signature="AbstractTestNGCucumberTests.runScenario(io.cucumber.testng.PickleWrapper,io.cucumber.testng.FeatureWrapper)[pri:0, instance:runner.TestRunner@37918c79]" name="runScenario" class="io.cucumber.testng.AbstractTestNGCucumberTests"/>
      </group> <!-- cucumber -->
    </groups>
    <test started-at="2026-04-28T09:37:24 IST" name="Surefire test" finished-at="2026-04-28T09:37:52 IST" duration-ms="27948">
      <class name="runner.TestRunner">
        <test-method is-config="true" signature="setUpClass(org.testng.ITestContext)[pri:0, instance:runner.TestRunner@37918c79]" started-at="2026-04-28T09:37:24 IST" name="setUpClass" finished-at="2026-04-28T09:37:25 IST" duration-ms="1082" status="PASS">
          <params>
            <param index="0">
              <value>
                <![CDATA[org.testng.TestRunner@578d5d02]]>
              </value>
            </param>
          </params>
          <reporter-output>
          </reporter-output>
        </test-method> <!-- setUpClass -->
        <test-method signature="runScenario(io.cucumber.testng.PickleWrapper,io.cucumber.testng.FeatureWrapper)[pri:0, instance:runner.TestRunner@37918c79]" started-at="2026-04-28T09:37:25 IST" name="runScenario" description="Runs Cucumber Scenarios" data-provider="scenarios" finished-at="2026-04-28T09:37:29 IST" duration-ms="3883" status="PASS">
          <params>
            <param index="0">
              <value>
                <![CDATA["TC-001 - Create Todo with Valid Payload"]]>
              </value>
            </param>
            <param index="1">
              <value>
                <![CDATA["Todos Module Testing"]]>
              </value>
            </param>
          </params>
          <reporter-output>
          </reporter-output>
        </test-method> <!-- runScenario -->
        <test-method signature="runScenario(io.cucumber.testng.PickleWrapper,io.cucumber.testng.FeatureWrapper)[pri:0, instance:runner.TestRunner@37918c79]" started-at="2026-04-28T09:37:29 IST" name="runScenario" description="Runs Cucumber Scenarios" data-provider="scenarios" finished-at="2026-04-28T09:37:29 IST" duration-ms="587" status="PASS">
          <params>
            <param index="0">
              <value>
                <![CDATA["TC-001 - Create Todo with Valid Payload"]]>
              </value>
            </param>
            <param index="1">
              <value>
                <![CDATA["Todos Module Testing"]]>
              </value>
            </param>
          </params>
          <reporter-output>
          </reporter-output>
        </test-method> <!-- runScenario -->
        <test-method signature="runScenario(io.cucumber.testng.PickleWrapper,io.cucumber.testng.FeatureWrapper)[pri:0, instance:runner.TestRunner@37918c79]" started-at="2026-04-28T09:37:29 IST" name="runScenario" description="Runs Cucumber Scenarios" data-provider="scenarios" finished-at="2026-04-28T09:37:30 IST" duration-ms="555" status="PASS">
          <params>
            <param index="0">
              <value>
                <![CDATA["TC-001 - Create Todo with Valid Payload"]]>
              </value>
            </param>
            <param index="1">
              <value>
                <![CDATA["Todos Module Testing"]]>
              </value>
            </param>
          </params>
          <reporter-output>
          </reporter-output>
        </test-method> <!-- runScenario -->
        <test-method signature="runScenario(io.cucumber.testng.PickleWrapper,io.cucumber.testng.FeatureWrapper)[pri:0, instance:runner.TestRunner@37918c79]" started-at="2026-04-28T09:37:30 IST" name="runScenario" description="Runs Cucumber Scenarios" data-provider="scenarios" finished-at="2026-04-28T09:37:33 IST" duration-ms="3570" status="PASS">
          <params>
            <param index="0">
              <value>
                <![CDATA["TC-002 - Create Todo using Excel Data"]]>
              </value>
            </param>
            <param index="1">
              <value>
                <![CDATA["Todos Module Testing"]]>
              </value>
            </param>
          </params>
          <reporter-output>
          </reporter-output>
        </test-method> <!-- runScenario -->
        <test-method signature="runScenario(io.cucumber.testng.PickleWrapper,io.cucumber.testng.FeatureWrapper)[pri:0, instance:runner.TestRunner@37918c79]" started-at="2026-04-28T09:37:33 IST" name="runScenario" description="Runs Cucumber Scenarios" data-provider="scenarios" finished-at="2026-04-28T09:37:34 IST" duration-ms="549" status="PASS">
          <params>
            <param index="0">
              <value>
                <![CDATA["TC-003 - Create Todo using DataTable"]]>
              </value>
            </param>
            <param index="1">
              <value>
                <![CDATA["Todos Module Testing"]]>
              </value>
            </param>
          </params>
          <reporter-output>
          </reporter-output>
        </test-method> <!-- runScenario -->
        <test-method signature="runScenario(io.cucumber.testng.PickleWrapper,io.cucumber.testng.FeatureWrapper)[pri:0, instance:runner.TestRunner@37918c79]" started-at="2026-04-28T09:37:34 IST" name="runScenario" description="Runs Cucumber Scenarios" data-provider="scenarios" finished-at="2026-04-28T09:37:37 IST" duration-ms="3121" status="PASS">
          <params>
            <param index="0">
              <value>
                <![CDATA["TC-004 - Create Todo with Invalid User ID"]]>
              </value>
            </param>
            <param index="1">
              <value>
                <![CDATA["Todos Module Testing"]]>
              </value>
            </param>
          </params>
          <reporter-output>
          </reporter-output>
        </test-method> <!-- runScenario -->
        <test-method signature="runScenario(io.cucumber.testng.PickleWrapper,io.cucumber.testng.FeatureWrapper)[pri:0, instance:runner.TestRunner@37918c79]" started-at="2026-04-28T09:37:37 IST" name="runScenario" description="Runs Cucumber Scenarios" data-provider="scenarios" finished-at="2026-04-28T09:37:38 IST" duration-ms="1107" status="FAIL">
          <params>
            <param index="0">
              <value>
                <![CDATA["TC-005 - Get Todo by Valid ID"]]>
              </value>
            </param>
            <param index="1">
              <value>
                <![CDATA["Todos Module Testing"]]>
              </value>
            </param>
          </params>
          <exception class="java.lang.AssertionError">
            <message>
              <![CDATA[The following asserts failed:
Schema file not found: schemas/Todo.json – create it at src/test/resources/schemas/Todo.json]]>
            </message>
            <full-stacktrace>
              <![CDATA[java.lang.AssertionError: The following asserts failed:
Schema file not found: schemas/Todo.json – create it at src/test/resources/schemas/Todo.json
at org.testng.asserts.SoftAssert.assertAll(SoftAssert.java:46)
at org.testng.asserts.SoftAssert.assertAll(SoftAssert.java:30)
at hooks.Hooks.afterScenario(Hooks.java:27)
]]>
            </full-stacktrace>
          </exception> <!-- java.lang.AssertionError -->
          <reporter-output>
          </reporter-output>
        </test-method> <!-- runScenario -->
        <test-method signature="runScenario(io.cucumber.testng.PickleWrapper,io.cucumber.testng.FeatureWrapper)[pri:0, instance:runner.TestRunner@37918c79]" started-at="2026-04-28T09:37:38 IST" name="runScenario" description="Runs Cucumber Scenarios" data-provider="scenarios" finished-at="2026-04-28T09:37:39 IST" duration-ms="1049" status="PASS">
          <params>
            <param index="0">
              <value>
                <![CDATA["TC-006 - Get Todo by Invalid ID"]]>
              </value>
            </param>
            <param index="1">
              <value>
                <![CDATA["Todos Module Testing"]]>
              </value>
            </param>
          </params>
          <reporter-output>
          </reporter-output>
        </test-method> <!-- runScenario -->
        <test-method signature="runScenario(io.cucumber.testng.PickleWrapper,io.cucumber.testng.FeatureWrapper)[pri:0, instance:runner.TestRunner@37918c79]" started-at="2026-04-28T09:37:39 IST" name="runScenario" description="Runs Cucumber Scenarios" data-provider="scenarios" finished-at="2026-04-28T09:37:41 IST" duration-ms="1445" status="FAIL">
          <params>
            <param index="0">
              <value>
                <![CDATA["TC-007 - Get All Todos"]]>
              </value>
            </param>
            <param index="1">
              <value>
                <![CDATA["Todos Module Testing"]]>
              </value>
            </param>
          </params>
          <exception class="java.lang.AssertionError">
            <message>
              <![CDATA[The following asserts failed:
Schema file not found: schemas/TodoList.json – create it at src/test/resources/schemas/TodoList.json]]>
            </message>
            <full-stacktrace>
              <![CDATA[java.lang.AssertionError: The following asserts failed:
Schema file not found: schemas/TodoList.json – create it at src/test/resources/schemas/TodoList.json
at org.testng.asserts.SoftAssert.assertAll(SoftAssert.java:46)
at org.testng.asserts.SoftAssert.assertAll(SoftAssert.java:30)
at hooks.Hooks.afterScenario(Hooks.java:27)
]]>
            </full-stacktrace>
          </exception> <!-- java.lang.AssertionError -->
          <reporter-output>
          </reporter-output>
        </test-method> <!-- runScenario -->
        <test-method signature="runScenario(io.cucumber.testng.PickleWrapper,io.cucumber.testng.FeatureWrapper)[pri:0, instance:runner.TestRunner@37918c79]" started-at="2026-04-28T09:37:41 IST" name="runScenario" description="Runs Cucumber Scenarios" data-provider="scenarios" finished-at="2026-04-28T09:37:44 IST" duration-ms="3607" status="PASS">
          <params>
            <param index="0">
              <value>
                <![CDATA["TC-008 - Update Todo using Excel Data"]]>
              </value>
            </param>
            <param index="1">
              <value>
                <![CDATA["Todos Module Testing"]]>
              </value>
            </param>
          </params>
          <reporter-output>
          </reporter-output>
        </test-method> <!-- runScenario -->
        <test-method signature="runScenario(io.cucumber.testng.PickleWrapper,io.cucumber.testng.FeatureWrapper)[pri:0, instance:runner.TestRunner@37918c79]" started-at="2026-04-28T09:37:44 IST" name="runScenario" description="Runs Cucumber Scenarios" data-provider="scenarios" finished-at="2026-04-28T09:37:47 IST" duration-ms="2639" status="PASS">
          <params>
            <param index="0">
              <value>
                <![CDATA["TC-009 - Update Todo using DataTable"]]>
              </value>
            </param>
            <param index="1">
              <value>
                <![CDATA["Todos Module Testing"]]>
              </value>
            </param>
          </params>
          <reporter-output>
          </reporter-output>
        </test-method> <!-- runScenario -->
        <test-method signature="runScenario(io.cucumber.testng.PickleWrapper,io.cucumber.testng.FeatureWrapper)[pri:0, instance:runner.TestRunner@37918c79]" started-at="2026-04-28T09:37:47 IST" name="runScenario" description="Runs Cucumber Scenarios" data-provider="scenarios" finished-at="2026-04-28T09:37:48 IST" duration-ms="1008" status="PASS">
          <params>
            <param index="0">
              <value>
                <![CDATA["TC-010 - Update Todo with Invalid ID"]]>
              </value>
            </param>
            <param index="1">
              <value>
                <![CDATA["Todos Module Testing"]]>
              </value>
            </param>
          </params>
          <reporter-output>
          </reporter-output>
        </test-method> <!-- runScenario -->
        <test-method signature="runScenario(io.cucumber.testng.PickleWrapper,io.cucumber.testng.FeatureWrapper)[pri:0, instance:runner.TestRunner@37918c79]" started-at="2026-04-28T09:37:48 IST" name="runScenario" description="Runs Cucumber Scenarios" data-provider="scenarios" finished-at="2026-04-28T09:37:50 IST" duration-ms="1565" status="PASS">
          <params>
            <param index="0">
              <value>
                <![CDATA["TC-011 - Delete Todo"]]>
              </value>
            </param>
            <param index="1">
              <value>
                <![CDATA["Todos Module Testing"]]>
              </value>
            </param>
          </params>
          <reporter-output>
          </reporter-output>
        </test-method> <!-- runScenario -->
        <test-method signature="runScenario(io.cucumber.testng.PickleWrapper,io.cucumber.testng.FeatureWrapper)[pri:0, instance:runner.TestRunner@37918c79]" started-at="2026-04-28T09:37:50 IST" name="runScenario" description="Runs Cucumber Scenarios" data-provider="scenarios" finished-at="2026-04-28T09:37:50 IST" duration-ms="776" status="PASS">
          <params>
            <param index="0">
              <value>
                <![CDATA["TC-012 - POST Todo with Invalid Token"]]>
              </value>
            </param>
            <param index="1">
              <value>
                <![CDATA["Todos Module Testing"]]>
              </value>
            </param>
          </params>
          <reporter-output>
          </reporter-output>
        </test-method> <!-- runScenario -->
        <test-method signature="runScenario(io.cucumber.testng.PickleWrapper,io.cucumber.testng.FeatureWrapper)[pri:0, instance:runner.TestRunner@37918c79]" started-at="2026-04-28T09:37:50 IST" name="runScenario" description="Runs Cucumber Scenarios" data-provider="scenarios" finished-at="2026-04-28T09:37:51 IST" duration-ms="837" status="FAIL">
          <params>
            <param index="0">
              <value>
                <![CDATA["TC-013 - GET /todos with No Auth returns 401"]]>
              </value>
            </param>
            <param index="1">
              <value>
                <![CDATA["Todos Module Testing"]]>
              </value>
            </param>
          </params>
          <exception class="java.lang.AssertionError">
            <message>
              <![CDATA[The following asserts failed:
Expected status 401 but got 200. Body: [{"id":102990,"user_id":8451161,"title":"Nemo tero paulatim caute amiculum ab viduata victoria.","due_on":"2026-05-12T00:00:00.000+05:30","status":"pending"},{"id":102989,"user_id":8451160,"title":"Calco inventore sed venia debitis condico aestus arbustum strues.","due_on":"2026-05-06T00:00:00.000+0,
Status line [HTTP/1.1 200 OK] does not contain: Unauthorized,
Expected 401 or 403 for auth failure but got 200]]>
            </message>
            <full-stacktrace>
              <![CDATA[java.lang.AssertionError: The following asserts failed:
Expected status 401 but got 200. Body: [{"id":102990,"user_id":8451161,"title":"Nemo tero paulatim caute amiculum ab viduata victoria.","due_on":"2026-05-12T00:00:00.000+05:30","status":"pending"},{"id":102989,"user_id":8451160,"title":"Calco inventore sed venia debitis condico aestus arbustum strues.","due_on":"2026-05-06T00:00:00.000+0,
Status line [HTTP/1.1 200 OK] does not contain: Unauthorized,
Expected 401 or 403 for auth failure but got 200
at org.testng.asserts.SoftAssert.assertAll(SoftAssert.java:46)
at org.testng.asserts.SoftAssert.assertAll(SoftAssert.java:30)
at hooks.Hooks.afterScenario(Hooks.java:27)
]]>
            </full-stacktrace>
          </exception> <!-- java.lang.AssertionError -->
          <reporter-output>
          </reporter-output>
        </test-method> <!-- runScenario -->
        <test-method is-config="true" signature="tearDownClass()[pri:0, instance:runner.TestRunner@37918c79]" started-at="2026-04-28T09:37:51 IST" name="tearDownClass" finished-at="2026-04-28T09:37:52 IST" duration-ms="492" status="PASS">
          <reporter-output>
          </reporter-output>
        </test-method> <!-- tearDownClass -->
      </class> <!-- runner.TestRunner -->
    </test> <!-- Surefire test -->
  </suite> <!-- Surefire suite -->
</testng-results>
