<?xml version="1.0" encoding="UTF-8"?>
<!-- Generated by org.testng.reporters.JUnitReportReporter -->
<testsuite hostname="Z14-55M" failures="3" tests="15" name="runner.TestRunner" time="26.298" errors="0" timestamp="2026-04-28T09:37:52 IST" skipped="0">
  <testcase classname="runner.TestRunner" name="runScenario" time="3.570"/>
  <testcase classname="runner.TestRunner" name="runScenario" time="0.587"/>
  <testcase classname="runner.TestRunner" name="runScenario" time="2.639"/>
  <testcase classname="runner.TestRunner" name="runScenario" time="1.049"/>
  <testcase classname="runner.TestRunner" name="runScenario" time="1.008"/>
  <testcase classname="runner.TestRunner" name="runScenario" time="1.565"/>
  <testcase classname="runner.TestRunner" name="runScenario" time="3.121"/>
  <testcase classname="runner.TestRunner" name="runScenario" time="3.607"/>
  <testcase classname="runner.TestRunner" name="runScenario" time="0.776"/>
  <testcase classname="runner.TestRunner" name="runScenario" time="0.837">
    <failure message="The following asserts failed:
	Expected status 401 but got 200. Body: [{&quot;id&quot;:102990,&quot;user_id&quot;:8451161,&quot;title&quot;:&quot;Nemo tero paulatim caute amiculum ab viduata victoria.&quot;,&quot;due_on&quot;:&quot;2026-05-12T00:00:00.000+05:30&quot;,&quot;status&quot;:&quot;pending&quot;},{&quot;id&quot;:102989,&quot;user_id&quot;:8451160,&quot;title&quot;:&quot;Calco inventore sed venia debitis condico aestus arbustum strues.&quot;,&quot;due_on&quot;:&quot;2026-05-06T00:00:00.000+0,
	Status line [HTTP/1.1 200 OK] does not contain: Unauthorized,
	Expected 401 or 403 for auth failure but got 200" type="java.lang.AssertionError">
      <![CDATA[java.lang.AssertionError: The following asserts failed:
Expected status 401 but got 200. Body: [{"id":102990,"user_id":8451161,"title":"Nemo tero paulatim caute amiculum ab viduata victoria.","due_on":"2026-05-12T00:00:00.000+05:30","status":"pending"},{"id":102989,"user_id":8451160,"title":"Calco inventore sed venia debitis condico aestus arbustum strues.","due_on":"2026-05-06T00:00:00.000+0,
Status line [HTTP/1.1 200 OK] does not contain: Unauthorized,
Expected 401 or 403 for auth failure but got 200
at org.testng.asserts.SoftAssert.assertAll(SoftAssert.java:46)
at org.testng.asserts.SoftAssert.assertAll(SoftAssert.java:30)
at hooks.Hooks.afterScenario(Hooks.java:27)
]]>
    </failure>
  </testcase> <!-- runScenario -->
  <testcase classname="runner.TestRunner" name="runScenario" time="0.549"/>
  <testcase classname="runner.TestRunner" name="runScenario" time="3.883"/>
  <testcase classname="runner.TestRunner" name="runScenario" time="1.445">
    <failure message="The following asserts failed:
	Schema file not found: schemas/TodoList.json – create it at src/test/resources/schemas/TodoList.json" type="java.lang.AssertionError">
      <![CDATA[java.lang.AssertionError: The following asserts failed:
Schema file not found: schemas/TodoList.json – create it at src/test/resources/schemas/TodoList.json
at org.testng.asserts.SoftAssert.assertAll(SoftAssert.java:46)
at org.testng.asserts.SoftAssert.assertAll(SoftAssert.java:30)
at hooks.Hooks.afterScenario(Hooks.java:27)
]]>
    </failure>
  </testcase> <!-- runScenario -->
  <testcase classname="runner.TestRunner" name="runScenario" time="0.555"/>
  <testcase classname="runner.TestRunner" name="runScenario" time="1.107">
    <failure message="The following asserts failed:
	Schema file not found: schemas/Todo.json – create it at src/test/resources/schemas/Todo.json" type="java.lang.AssertionError">
      <![CDATA[java.lang.AssertionError: The following asserts failed:
Schema file not found: schemas/Todo.json – create it at src/test/resources/schemas/Todo.json
at org.testng.asserts.SoftAssert.assertAll(SoftAssert.java:46)
at org.testng.asserts.SoftAssert.assertAll(SoftAssert.java:30)
at hooks.Hooks.afterScenario(Hooks.java:27)
]]>
    </failure>
  </testcase> <!-- runScenario -->
</testsuite> <!-- runner.TestRunner -->
